2020-01-14 14:07:41.082 [main] INFO  com.idss.Application - Starting Application on DESKTOP-VJ914EQ with PID 18276 (E:\idss\csc\holmes\holmes\build\classes\java\main started by 24972 in E:\idss\csc\holmes\holmes)
2020-01-14 14:07:41.085 [main] INFO  com.idss.Application - No active profile set, falling back to default profiles: default
2020-01-14 14:07:41.131 [main] INFO  o.s.b.c.e.AnnotationConfigEmbeddedWebApplicationContext - Refreshing org.springframework.boot.context.embedded.AnnotationConfigEmbeddedWebApplicationContext@1e7aa82b: startup date [Tue Jan 14 14:07:41 CST 2020]; root of context hierarchy
2020-01-14 14:07:41.173 [background-preinit] INFO  org.hibernate.validator.internal.util.Version - HV000001: Hibernate Validator 5.2.4.Final
2020-01-14 14:07:42.252 [main] INFO  o.s.b.f.a.AutowiredAnnotationBeanPostProcessor - JSR-330 'javax.inject.Inject' annotation found and supported for autowiring
2020-01-14 14:07:42.869 [main] INFO  o.s.b.c.e.tomcat.TomcatEmbeddedServletContainer - Tomcat initialized with port(s): 8084 (https)
2020-01-14 14:07:42.876 [main] INFO  org.apache.catalina.core.StandardService - Starting service Tomcat
2020-01-14 14:07:42.877 [main] INFO  org.apache.catalina.core.StandardEngine - Starting Servlet Engine: Apache Tomcat/8.5.5
2020-01-14 14:07:42.930 [localhost-startStop-1] INFO  o.a.c.core.ContainerBase.[Tomcat].[localhost].[/] - Initializing Spring embedded WebApplicationContext
2020-01-14 14:07:42.931 [localhost-startStop-1] INFO  org.springframework.web.context.ContextLoader - Root WebApplicationContext: initialization completed in 1800 ms
2020-01-14 14:07:43.071 [localhost-startStop-1] INFO  o.s.boot.web.servlet.ServletRegistrationBean - Mapping servlet: 'dispatcherServlet' to [/]
2020-01-14 14:07:43.076 [localhost-startStop-1] INFO  o.s.boot.web.servlet.FilterRegistrationBean - Mapping filter: 'characterEncodingFilter' to: [/*]
2020-01-14 14:07:43.077 [localhost-startStop-1] INFO  o.s.boot.web.servlet.FilterRegistrationBean - Mapping filter: 'hiddenHttpMethodFilter' to: [/*]
2020-01-14 14:07:43.077 [localhost-startStop-1] INFO  o.s.boot.web.servlet.FilterRegistrationBean - Mapping filter: 'httpPutFormContentFilter' to: [/*]
2020-01-14 14:07:43.077 [localhost-startStop-1] INFO  o.s.boot.web.servlet.FilterRegistrationBean - Mapping filter: 'requestContextFilter' to: [/*]
2020-01-14 14:07:44.359 [main] INFO  o.s.w.s.m.m.a.RequestMappingHandlerMapping - Mapped "{[/]}" onto public org.springframework.web.servlet.ModelAndView com.idss.Application.index()
2020-01-14 14:07:44.364 [main] INFO  o.s.w.s.m.m.a.RequestMappingHandlerMapping - Mapped "{[/devops/getProcessorCount],methods=[POST]}" onto public int com.idss.controller.DevopsController.getSchemas()
2020-01-14 14:07:44.364 [main] INFO  o.s.w.s.m.m.a.RequestMappingHandlerMapping - Mapped "{[/devops/getProcessorIds],methods=[POST]}" onto public java.util.List<java.lang.Integer> com.idss.controller.DevopsController.getProcessorIds()
2020-01-14 14:07:44.364 [main] INFO  o.s.w.s.m.m.a.RequestMappingHandlerMapping - Mapped "{[/devops/getProcessorMonitor],methods=[POST]}" onto public com.idss.bean.dto.ProcessorMonitor com.idss.controller.DevopsController.getProcessorMonitor()
2020-01-14 14:07:44.365 [main] INFO  o.s.w.s.m.m.a.RequestMappingHandlerMapping - Mapped "{[/devops/getTaskInfo],methods=[POST]}" onto public java.util.Map com.idss.controller.DevopsController.getProcessorTaskInfo(java.lang.Integer)
2020-01-14 14:07:44.366 [main] INFO  o.s.w.s.m.m.a.RequestMappingHandlerMapping - Mapped "{[/devops/getProcessingTask],methods=[POST]}" onto public com.idss.service.Task com.idss.controller.DevopsController.getProcessingTask(java.lang.Integer)
2020-01-14 14:07:44.366 [main] INFO  o.s.w.s.m.m.a.RequestMappingHandlerMapping - Mapped "{[/devops/getTaskInfoDetail],methods=[POST]}" onto public java.util.Map com.idss.controller.DevopsController.getProcessorTaskInfoDetail(java.lang.Integer)
2020-01-14 14:07:44.366 [main] INFO  o.s.w.s.m.m.a.RequestMappingHandlerMapping - Mapped "{[/devops/getTaskCount],methods=[POST]}" onto public int com.idss.controller.DevopsController.getProcessorTaskCount(java.lang.Integer)
2020-01-14 14:07:44.376 [main] INFO  o.s.w.s.m.m.a.RequestMappingHandlerMapping - Mapped "{[/holmes/scan],methods=[POST]}" onto public com.idss.bean.holmes.HolmesResponse com.idss.controller.HolmesController.scan(java.lang.String)
2020-01-14 14:07:44.377 [main] INFO  o.s.w.s.m.m.a.RequestMappingHandlerMapping - Mapped "{[/holmes/trace],methods=[POST]}" onto public com.idss.bean.holmes.HolmesResponse com.idss.controller.HolmesController.trace(java.lang.String)
2020-01-14 14:07:44.377 [main] INFO  o.s.w.s.m.m.a.RequestMappingHandlerMapping - Mapped "{[/holmes/getSchemas],methods=[POST]}" onto public com.idss.bolt.service.dto.response.Schemas com.idss.controller.HolmesController.getSchemas(com.idss.bolt.service.dto.request.GetSchemasRequest)
2020-01-14 14:07:44.377 [main] INFO  o.s.w.s.m.m.a.RequestMappingHandlerMapping - Mapped "{[/holmes/getMetaData],methods=[POST]}" onto public com.idss.bolt.service.dto.response.MetaData com.idss.controller.HolmesController.getMetaData(com.idss.bolt.service.dto.request.GetMetaDataRequest)
2020-01-14 14:07:44.377 [main] INFO  o.s.w.s.m.m.a.RequestMappingHandlerMapping - Mapped "{[/holmes/getMetaDataLite],methods=[POST]}" onto public com.idss.bolt.service.dto.response.MetaData com.idss.controller.HolmesController.getMetaDataLite(com.idss.bolt.service.dto.request.GetMetaDataRequest)
2020-01-14 14:07:44.377 [main] INFO  o.s.w.s.m.m.a.RequestMappingHandlerMapping - Mapped "{[/holmes/getColumns],methods=[POST]}" onto public com.idss.bolt.service.dto.response.Columns com.idss.controller.HolmesController.getColumns(com.idss.bolt.service.dto.request.GetColumnsRequest)
2020-01-14 14:07:44.377 [main] INFO  o.s.w.s.m.m.a.RequestMappingHandlerMapping - Mapped "{[/holmes/testConnectionBb],methods=[POST]}" onto public com.idss.bolt.service.TestConnectionResponse com.idss.controller.HolmesController.testConnectionBb(com.idss.bolt.service.GetSchemasRequest)
2020-01-14 14:07:44.378 [main] INFO  o.s.w.s.m.m.a.RequestMappingHandlerMapping - Mapped "{[/holmes/unmountDirectory],methods=[POST]}" onto public com.idss.bolt.service.dto.response.TestConnectionResponse com.idss.controller.HolmesController.unmountDirectory(com.idss.bolt.service.dto.request.GetSchemasRequest)
2020-01-14 14:07:44.378 [main] INFO  o.s.w.s.m.m.a.RequestMappingHandlerMapping - Mapped "{[/holmes/executeQuery],methods=[POST]}" onto public java.lang.String com.idss.controller.HolmesController.executeQuery(com.idss.bolt.service.dto.request.ExecuteQueryRequest)
2020-01-14 14:07:44.378 [main] INFO  o.s.w.s.m.m.a.RequestMappingHandlerMapping - Mapped "{[/holmes/testSql],methods=[POST]}" onto public com.idss.bolt.service.dto.response.TestConnectionResponse com.idss.controller.HolmesController.testSql(com.idss.bolt.service.dto.request.GetSchemasRequest)
2020-01-14 14:07:44.378 [main] INFO  o.s.w.s.m.m.a.RequestMappingHandlerMapping - Mapped "{[/holmes/getBdTablesLite],methods=[POST]}" onto public com.idss.bolt.service.Tables com.idss.controller.HolmesController.getBdTablesLite(com.idss.bolt.service.GetTablesRequest)
2020-01-14 14:07:44.378 [main] INFO  o.s.w.s.m.m.a.RequestMappingHandlerMapping - Mapped "{[/holmes/testBdSql],methods=[POST]}" onto public com.idss.bolt.service.TestConnectionResponse com.idss.controller.HolmesController.testBdSql(com.idss.bolt.service.GetSchemasRequest)
2020-01-14 14:07:44.378 [main] INFO  o.s.w.s.m.m.a.RequestMappingHandlerMapping - Mapped "{[/holmes/executeQueryEx],methods=[POST]}" onto public java.lang.String com.idss.controller.HolmesController.executeQueryEx(com.idss.bolt.service.ExecuteQueryRequest)
2020-01-14 14:07:44.378 [main] INFO  o.s.w.s.m.m.a.RequestMappingHandlerMapping - Mapped "{[/holmes/getRedisMetaData],methods=[POST]}" onto public com.idss.bolt.service.dto.response.RedisMetaData com.idss.controller.HolmesController.getRedisMetaData(com.idss.bolt.service.dto.request.GetRedisMetaDataRequest)
2020-01-14 14:07:44.378 [main] INFO  o.s.w.s.m.m.a.RequestMappingHandlerMapping - Mapped "{[/holmes/getTablesLite],methods=[POST]}" onto public com.idss.bolt.service.dto.response.Tables com.idss.controller.HolmesController.getTablesLite(com.idss.bolt.service.dto.request.GetTablesRequest)
2020-01-14 14:07:44.379 [main] INFO  o.s.w.s.m.m.a.RequestMappingHandlerMapping - Mapped "{[/holmes/getTables],methods=[POST]}" onto public com.idss.bolt.service.dto.response.Tables com.idss.controller.HolmesController.getTables(com.idss.bolt.service.dto.request.GetTablesRequest)
2020-01-14 14:07:44.379 [main] INFO  o.s.w.s.m.m.a.RequestMappingHandlerMapping - Mapped "{[/holmes/getESMetaData],methods=[POST]}" onto public com.idss.bolt.service.dto.response.MetaData com.idss.controller.HolmesController.getESMetaData(com.idss.bolt.service.dto.request.GetMetaDataRequest)
2020-01-14 14:07:44.379 [main] INFO  o.s.w.s.m.m.a.RequestMappingHandlerMapping - Mapped "{[/holmes/getFileMetaData],methods=[POST]}" onto public com.idss.bolt.service.dto.response.MetaData com.idss.controller.HolmesController.getFileMetaData(com.idss.bolt.service.dto.request.GetMetaDataRequest)
2020-01-14 14:07:44.379 [main] INFO  o.s.w.s.m.m.a.RequestMappingHandlerMapping - Mapped "{[/holmes/testConnection],methods=[POST]}" onto public com.idss.bolt.service.dto.response.TestConnectionResponse com.idss.controller.HolmesController.testConnection(com.idss.bolt.service.dto.request.GetSchemasRequest)
2020-01-14 14:07:44.379 [main] INFO  o.s.w.s.m.m.a.RequestMappingHandlerMapping - Mapped "{[/holmes/isTablesExists],methods=[POST]}" onto public com.idss.bolt.service.dto.response.GetTableExistsResponse com.idss.controller.HolmesController.isTablesExists(com.idss.bolt.service.dto.request.GetTableExistsRequest)
2020-01-14 14:07:44.379 [main] INFO  o.s.w.s.m.m.a.RequestMappingHandlerMapping - Mapped "{[/holmes/getDumpList],methods=[POST]}" onto public com.idss.bolt.service.dto.response.MetaData com.idss.controller.HolmesController.getDumpList(com.idss.bolt.service.dto.request.GetMetaDataRequest)
2020-01-14 14:07:44.379 [main] INFO  o.s.w.s.m.m.a.RequestMappingHandlerMapping - Mapped "{[/holmes/exportDmp],methods=[POST]}" onto public com.idss.utils.ReturnValue com.idss.controller.HolmesController.exportDmp(com.idss.bolt.service.dto.request.ExportDmp)
2020-01-14 14:07:44.379 [main] INFO  o.s.w.s.m.m.a.RequestMappingHandlerMapping - Mapped "{[/holmes/setState],methods=[POST]}" onto public com.idss.bean.holmes.HolmesResponse com.idss.controller.HolmesController.setTaskState(java.lang.Integer,java.lang.Integer)
2020-01-14 14:07:44.380 [main] INFO  o.s.w.s.m.m.a.RequestMappingHandlerMapping - Mapped "{[/holmes/setTasksState],methods=[POST]}" onto public java.lang.String com.idss.controller.HolmesController.setTaskState(java.lang.String)
2020-01-14 14:07:44.380 [main] INFO  o.s.w.s.m.m.a.RequestMappingHandlerMapping - Mapped "{[/holmes/dataMasking],methods=[POST]}" onto public com.idss.bean.holmes.HolmesResponse com.idss.controller.HolmesController.dataMasking(java.lang.String)
2020-01-14 14:07:44.380 [main] INFO  o.s.w.s.m.m.a.RequestMappingHandlerMapping - Mapped "{[/holmes/isTablesExistsEx],methods=[POST]}" onto public com.idss.bolt.service.GetTableExistsResponse com.idss.controller.HolmesController.isTablesExistsEx(com.idss.bolt.service.GetTableExistsRequest)
2020-01-14 14:07:44.380 [main] INFO  o.s.w.s.m.m.a.RequestMappingHandlerMapping - Mapped "{[/holmes/debugInfo],methods=[POST]}" onto public com.idss.bean.holmes.HolmesResponse com.idss.controller.HolmesController.debugInfo(java.lang.String)
2020-01-14 14:07:44.380 [main] INFO  o.s.w.s.m.m.a.RequestMappingHandlerMapping - Mapped "{[/holmes/executeSql],methods=[POST]}" onto public java.lang.String com.idss.controller.HolmesController.executeSql(com.idss.bolt.service.dto.request.ExecuteSqlRequest)
2020-01-14 14:07:44.380 [main] INFO  o.s.w.s.m.m.a.RequestMappingHandlerMapping - Mapped "{[/holmes/getHbaseMetaData],methods=[POST]}" onto public com.idss.bolt.service.dto.response.HbaseMetaData com.idss.controller.HolmesController.getHBaseMetaData(com.idss.bolt.service.dto.request.GetHbaseMetaDataRequest)
2020-01-14 14:07:44.380 [main] INFO  o.s.w.s.m.m.a.RequestMappingHandlerMapping - Mapped "{[/holmes/taskFileDownload],methods=[GET]}" onto public void com.idss.controller.HolmesController.tmFileDownload(java.lang.String,javax.servlet.http.HttpServletResponse) throws java.io.IOException
2020-01-14 14:07:44.380 [main] INFO  o.s.w.s.m.m.a.RequestMappingHandlerMapping - Mapped "{[/holmes/existsFile],methods=[POST]}" onto public java.lang.Boolean com.idss.controller.HolmesController.existsFile(java.lang.String)
2020-01-14 14:07:44.380 [main] INFO  o.s.w.s.m.m.a.RequestMappingHandlerMapping - Mapped "{[/holmes/delMaskingFile],methods=[POST]}" onto public com.idss.bean.holmes.HolmesResponse com.idss.controller.HolmesController.delMaskingFile(java.lang.String)
2020-01-14 14:07:44.380 [main] INFO  o.s.w.s.m.m.a.RequestMappingHandlerMapping - Mapped "{[/holmes/getDbUsers],methods=[POST]}" onto public com.idss.bolt.service.dto.response.GetUsersResponse com.idss.controller.HolmesController.getDbUsers(com.idss.bolt.service.dto.request.GetUsersRequest)
2020-01-14 14:07:44.381 [main] INFO  o.s.w.s.m.m.a.RequestMappingHandlerMapping - Mapped "{[/holmes/getTablesSize],methods=[POST]}" onto public com.idss.bolt.service.dto.response.GetTableSizeResponse com.idss.controller.HolmesController.getTablesSize(com.idss.bolt.service.dto.request.GetTableSizeRequest)
2020-01-14 14:07:44.381 [main] INFO  o.s.w.s.m.m.a.RequestMappingHandlerMapping - Mapped "{[/holmes/importDmp],methods=[POST]}" onto public com.idss.utils.ReturnValue com.idss.controller.HolmesController.importDmp(com.idss.bolt.service.dto.request.ImportDmp)
2020-01-14 14:07:44.381 [main] INFO  o.s.w.s.m.m.a.RequestMappingHandlerMapping - Mapped "{[/holmes/getHDatabaseSize],methods=[POST]}" onto public com.idss.bean.holmes.HolmesResponse com.idss.controller.HolmesController.getHDatabaseSize(com.idss.bolt.service.GetDatabaseSizeRequest)
2020-01-14 14:07:44.381 [main] INFO  o.s.w.s.m.m.a.RequestMappingHandlerMapping - Mapped "{[/holmes/getDbUserPrivs],methods=[POST]}" onto public com.idss.bolt.service.dto.response.GetUserPageResponse com.idss.controller.HolmesController.getDbUserExtra(com.idss.bolt.service.dto.request.GetUserPagesRequest)
2020-01-14 14:07:44.381 [main] INFO  o.s.w.s.m.m.a.RequestMappingHandlerMapping - Mapped "{[/holmes/testJar],methods=[POST]}" onto public java.lang.Boolean com.idss.controller.HolmesController.testJar(com.idss.bean.dto.ImportJarRule)
2020-01-14 14:07:44.381 [main] INFO  o.s.w.s.m.m.a.RequestMappingHandlerMapping - Mapped "{[/holmes/queryResult],methods=[POST]}" onto public java.lang.String com.idss.controller.HolmesController.queryResult(java.lang.Integer)
2020-01-14 14:07:44.381 [main] INFO  o.s.w.s.m.m.a.RequestMappingHandlerMapping - Mapped "{[/holmes/getRowCount],methods=[POST]}" onto public com.idss.bean.holmes.HolmesResponse com.idss.controller.HolmesController.getRowCount(com.idss.bolt.service.dto.request.GetRowCountRequest)
2020-01-14 14:07:44.381 [main] INFO  o.s.w.s.m.m.a.RequestMappingHandlerMapping - Mapped "{[/holmes/waterMarkPreview],methods=[POST]}" onto public com.idss.bean.holmes.HolmesResponse com.idss.controller.HolmesController.waterMarkPreview(java.lang.String)
2020-01-14 14:07:44.381 [main] INFO  o.s.w.s.m.m.a.RequestMappingHandlerMapping - Mapped "{[/holmes/fetchColumnBySql],methods=[POST]}" onto public java.lang.String com.idss.controller.HolmesController.fetchColumnBySql(com.idss.bolt.service.dto.request.ExecuteSqlRequest)
2020-01-14 14:07:44.382 [main] INFO  o.s.w.s.m.m.a.RequestMappingHandlerMapping - Mapped "{[/holmes/getDatabaseSize],methods=[POST]}" onto public com.idss.bean.holmes.HolmesResponse com.idss.controller.HolmesController.getDatabaseSize(com.idss.bolt.service.dto.request.GetDatabaseSizeRequest)
2020-01-14 14:07:44.382 [main] INFO  o.s.w.s.m.m.a.RequestMappingHandlerMapping - Mapped "{[/holmes/clusterAnalysis],methods=[POST]}" onto public com.idss.bean.holmes.HolmesResponse com.idss.controller.HolmesController.clusterAnalysis(java.lang.String)
2020-01-14 14:07:44.382 [main] INFO  o.s.w.s.m.m.a.RequestMappingHandlerMapping - Mapped "{[/holmes/getMetaDataByTable],methods=[POST]}" onto public com.idss.bolt.service.dto.response.MetaData com.idss.controller.HolmesController.getMetaDataByTable(com.idss.bolt.service.dto.request.GetMetaDataRequest)
2020-01-14 14:07:44.382 [main] INFO  o.s.w.s.m.m.a.RequestMappingHandlerMapping - Mapped "{[/holmes/getBdMetaDataLite],methods=[POST]}" onto public com.idss.bolt.service.MetaData com.idss.controller.HolmesController.getBdMetaDataLite(com.idss.bolt.service.GetMetaDataRequest)
2020-01-14 14:07:44.382 [main] INFO  o.s.w.s.m.m.a.RequestMappingHandlerMapping - Mapped "{[/holmes/testFileConnection],methods=[POST]}" onto public com.idss.bolt.service.dto.response.TestConnectionResponse com.idss.controller.HolmesController.testFileConnection(com.idss.bolt.service.dto.request.GetSchemasRequest)
2020-01-14 14:07:44.382 [main] INFO  o.s.w.s.m.m.a.RequestMappingHandlerMapping - Mapped "{[/holmes/getHbaseMetaDataEx],methods=[POST]}" onto public com.idss.bolt.service.HbaseMetaData com.idss.controller.HolmesController.getHbaseMetaDataEx(com.idss.bolt.service.GetHbaseMetaDataRequest)
2020-01-14 14:07:44.382 [main] INFO  o.s.w.s.m.m.a.RequestMappingHandlerMapping - Mapped "{[/holmes/dataMaskingPreview],methods=[POST]}" onto public com.idss.bean.holmes.HolmesResponse com.idss.controller.HolmesController.dataMaskingPreview(java.lang.String)
2020-01-14 14:07:44.382 [main] INFO  o.s.w.s.m.m.a.RequestMappingHandlerMapping - Mapped "{[/holmes/dataMaskingCustom],methods=[POST]}" onto public com.idss.bean.holmes.HolmesResponse com.idss.controller.HolmesController.dataMaskingCustom(java.lang.String)
2020-01-14 14:07:44.382 [main] INFO  o.s.w.s.m.m.a.RequestMappingHandlerMapping - Mapped "{[/holmes/getBdMetaDataByTable],methods=[POST]}" onto public com.idss.bolt.service.MetaData com.idss.controller.HolmesController.getBdMetaDataByTable(com.idss.bolt.service.GetMetaDataRequest)
2020-01-14 14:07:44.382 [main] INFO  o.s.w.s.m.m.a.RequestMappingHandlerMapping - Mapped "{[/holmes/getCountSizeByTable],methods=[POST]}" onto public com.idss.bolt.service.dto.response.MetaData com.idss.controller.HolmesController.getCountSizeByTable(com.idss.bolt.service.dto.request.GetMetaDataRequest)
2020-01-14 14:07:44.383 [main] INFO  o.s.w.s.m.m.a.RequestMappingHandlerMapping - Mapped "{[/holmes/getHCountSizeByTable],methods=[POST]}" onto public com.idss.bolt.service.MetaData com.idss.controller.HolmesController.getHCountSizeByTable(com.idss.bolt.service.GetMetaDataRequest)
2020-01-14 14:07:44.383 [main] INFO  o.s.w.s.m.m.a.RequestMappingHandlerMapping - Mapped "{[/holmes/getFileMetaDataByTable],methods=[POST]}" onto public com.idss.bolt.service.dto.response.MetaData com.idss.controller.HolmesController.getFileMetaDataByTable(com.idss.bolt.service.dto.request.GetMetaDataRequest)
2020-01-14 14:07:44.383 [main] INFO  o.s.w.s.m.m.a.RequestMappingHandlerMapping - Mapped "{[/holmes/fileUploadAndDiscern],methods=[POST]}" onto public com.idss.bolt.service.dto.response.ReturnValue com.idss.controller.HolmesController.fileUploadAndDiscern(javax.servlet.http.HttpServletRequest,org.springframework.web.multipart.MultipartFile)
2020-01-14 14:07:44.383 [main] INFO  o.s.w.s.m.m.a.RequestMappingHandlerMapping - Mapped "{[/holmes/getTablesRowCount],methods=[POST]}" onto public com.idss.bolt.service.dto.response.TablesRowCountResponse com.idss.controller.HolmesController.getTablesRowCount(com.idss.bolt.service.dto.request.GetTablesRowCountRequest)
2020-01-14 14:07:44.383 [main] INFO  o.s.w.s.m.m.a.RequestMappingHandlerMapping - Mapped "{[/holmes/getTableIsIgnoreCase],methods=[POST]}" onto public com.idss.bolt.service.dto.response.ReturnValue com.idss.controller.HolmesController.getTableIsIgnoreCase(com.idss.bolt.service.dto.request.GetMetaDataRequest)
2020-01-14 14:07:44.385 [main] INFO  o.s.w.s.m.m.a.RequestMappingHandlerMapping - Mapped "{[/pm-api/keepAlive]}" onto public com.idss.utils.ReturnValue com.idss.controller.PMApiController.keepAlive(int)
2020-01-14 14:07:44.385 [main] INFO  o.s.w.s.m.m.a.RequestMappingHandlerMapping - Mapped "{[/pm-api/getProcessorList]}" onto public com.idss.utils.ReturnValue com.idss.controller.PMApiController.getProcessorList()
2020-01-14 14:07:44.385 [main] INFO  o.s.w.s.m.m.a.RequestMappingHandlerMapping - Mapped "{[/pm-api/fetchPriorTask]}" onto public com.idss.utils.ReturnValue com.idss.controller.PMApiController.fetchPriorTask(int)
2020-01-14 14:07:44.385 [main] INFO  o.s.w.s.m.m.a.RequestMappingHandlerMapping - Mapped "{[/pm-api/postTask]}" onto public com.idss.utils.ReturnValue com.idss.controller.PMApiController.postTask(com.idss.service.Task)
2020-01-14 14:07:44.385 [main] INFO  o.s.w.s.m.m.a.RequestMappingHandlerMapping - Mapped "{[/pm-api/unplug]}" onto public com.idss.utils.ReturnValue com.idss.controller.PMApiController.unplug(int)
2020-01-14 14:07:44.385 [main] INFO  o.s.w.s.m.m.a.RequestMappingHandlerMapping - Mapped "{[/pm-api/fetchTask]}" onto public com.idss.utils.ReturnValue com.idss.controller.PMApiController.fetchTask(int)
2020-01-14 14:07:44.385 [main] INFO  o.s.w.s.m.m.a.RequestMappingHandlerMapping - Mapped "{[/pm-api/deliverTask]}" onto public com.idss.utils.ReturnValue com.idss.controller.PMApiController.deliverTask(int,java.lang.String)
2020-01-14 14:07:44.385 [main] INFO  o.s.w.s.m.m.a.RequestMappingHandlerMapping - Mapped "{[/pm-api/plug]}" onto public com.idss.utils.ReturnValue com.idss.controller.PMApiController.plug(boolean,javax.servlet.http.HttpServletRequest)
2020-01-14 14:07:44.386 [main] INFO  o.s.w.s.m.m.a.RequestMappingHandlerMapping - Mapped "{[/pm-api/querySpeedList]}" onto public com.idss.bean.holmes.HolmesResponse com.idss.controller.PMApiController.querySpeedList(java.lang.String)
2020-01-14 14:07:44.386 [main] INFO  o.s.w.s.m.m.a.RequestMappingHandlerMapping - Mapped "{[/pm-api/taskExecution]}" onto public com.idss.utils.ReturnValue com.idss.controller.PMApiController.taskExecution(java.util.Map<java.lang.String, java.lang.Object>)
2020-01-14 14:07:44.386 [main] INFO  o.s.w.s.m.m.a.RequestMappingHandlerMapping - Mapped "{[/pm-api/clusterTask]}" onto public com.idss.utils.ReturnValue com.idss.controller.PMApiController.clusterTask(java.lang.String,java.lang.Integer)
2020-01-14 14:07:44.386 [main] INFO  o.s.w.s.m.m.a.RequestMappingHandlerMapping - Mapped "{[/pm-api/postContent]}" onto public com.idss.utils.ReturnValue com.idss.controller.PMApiController.postContent(int,java.lang.String)
2020-01-14 14:07:44.386 [main] INFO  o.s.w.s.m.m.a.RequestMappingHandlerMapping - Mapped "{[/pm-api/syncTask]}" onto public com.idss.utils.ReturnValue com.idss.controller.PMApiController.syncTask(int,java.lang.String)
2020-01-14 14:07:44.386 [main] INFO  o.s.w.s.m.m.a.RequestMappingHandlerMapping - Mapped "{[/pm-api/changeProcessorNum]}" onto public com.idss.utils.ReturnValue com.idss.controller.PMApiController.changeProcessorNum(java.lang.Integer)
2020-01-14 14:07:44.387 [main] INFO  o.s.w.s.m.m.a.RequestMappingHandlerMapping - Mapped "{[/pm-api/queryProgressInfo]}" onto public com.idss.utils.ReturnValue com.idss.controller.PMApiController.queryProgressInfo(int)
2020-01-14 14:07:44.387 [main] INFO  o.s.w.s.m.m.a.RequestMappingHandlerMapping - Mapped "{[/pm-api/queryTaskProgress]}" onto public com.idss.utils.ReturnValue com.idss.controller.PMApiController.queryTaskProgress(int)
2020-01-14 14:07:44.390 [main] INFO  o.s.w.s.m.m.a.RequestMappingHandlerMapping - Mapped "{[/swagger-resources]}" onto public org.springframework.http.ResponseEntity<java.util.List<springfox.documentation.swagger.web.SwaggerResource>> springfox.documentation.swagger.web.ApiResourceController.swaggerResources()
2020-01-14 14:07:44.391 [main] INFO  o.s.w.s.m.m.a.RequestMappingHandlerMapping - Mapped "{[/swagger-resources/configuration/ui]}" onto public org.springframework.http.ResponseEntity<springfox.documentation.swagger.web.UiConfiguration> springfox.documentation.swagger.web.ApiResourceController.uiConfiguration()
2020-01-14 14:07:44.391 [main] INFO  o.s.w.s.m.m.a.RequestMappingHandlerMapping - Mapped "{[/swagger-resources/configuration/security]}" onto public org.springframework.http.ResponseEntity<springfox.documentation.swagger.web.SecurityConfiguration> springfox.documentation.swagger.web.ApiResourceController.securityConfiguration()
2020-01-14 14:07:44.393 [main] INFO  o.s.w.s.m.m.a.RequestMappingHandlerMapping - Mapped "{[/error]}" onto public org.springframework.http.ResponseEntity<java.util.Map<java.lang.String, java.lang.Object>> org.springframework.boot.autoconfigure.web.BasicErrorController.error(javax.servlet.http.HttpServletRequest)
2020-01-14 14:07:44.393 [main] INFO  o.s.w.s.m.m.a.RequestMappingHandlerMapping - Mapped "{[/error],produces=[text/html]}" onto public org.springframework.web.servlet.ModelAndView org.springframework.boot.autoconfigure.web.BasicErrorController.errorHtml(javax.servlet.http.HttpServletRequest,javax.servlet.http.HttpServletResponse)
2020-01-14 14:07:44.550 [main] INFO  s.d.s.w.PropertySourcedRequestMappingHandlerMapping - Mapped URL path [/v2/api-docs] onto method [public org.springframework.http.ResponseEntity<springfox.documentation.spring.web.json.Json> springfox.documentation.swagger2.web.Swagger2Controller.getDocumentation(java.lang.String,javax.servlet.http.HttpServletRequest)]
2020-01-14 14:07:44.670 [main] INFO  o.s.w.s.m.m.a.RequestMappingHandlerAdapter - Looking for @ControllerAdvice: org.springframework.boot.context.embedded.AnnotationConfigEmbeddedWebApplicationContext@1e7aa82b: startup date [Tue Jan 14 14:07:41 CST 2020]; root of context hierarchy
2020-01-14 14:07:44.749 [main] INFO  o.s.web.servlet.handler.SimpleUrlHandlerMapping - Mapped URL path [/webjars/**] onto handler of type [class org.springframework.web.servlet.resource.ResourceHttpRequestHandler]
2020-01-14 14:07:44.749 [main] INFO  o.s.web.servlet.handler.SimpleUrlHandlerMapping - Mapped URL path [/**] onto handler of type [class org.springframework.web.servlet.resource.ResourceHttpRequestHandler]
2020-01-14 14:07:44.790 [main] INFO  o.s.web.servlet.handler.SimpleUrlHandlerMapping - Mapped URL path [/**/favicon.ico] onto handler of type [class org.springframework.web.servlet.resource.ResourceHttpRequestHandler]
2020-01-14 14:07:44.844 [main] INFO  o.s.b.w.s.v.velocity.EmbeddedVelocityViewResolver - Using EmbeddedVelocityToolboxView instead of default VelocityView due to specified toolboxConfigLocation
2020-01-14 14:07:45.195 [main] INFO  io.searchbox.client.AbstractJestClient - Setting server pool to a list of 1 servers: [http://localhost:9200]
2020-01-14 14:07:45.197 [main] INFO  io.searchbox.client.JestClientFactory - Using single thread/connection supporting basic connection manager
2020-01-14 14:07:45.272 [main] INFO  io.searchbox.client.JestClientFactory - Using custom GSON instance
2020-01-14 14:07:45.272 [main] INFO  io.searchbox.client.JestClientFactory - Node Discovery disabled...
2020-01-14 14:07:45.272 [main] INFO  io.searchbox.client.JestClientFactory - Idle connection reaping disabled...
2020-01-14 14:07:45.299 [main] INFO  o.s.web.servlet.view.velocity.VelocityConfigurer - ClasspathResourceLoader with name 'springMacro' added to configured VelocityEngine
2020-01-14 14:07:45.305 [main] INFO  o.springframework.ui.velocity.SpringResourceLoader - SpringResourceLoader for Velocity: using resource loader [org.springframework.boot.context.embedded.AnnotationConfigEmbeddedWebApplicationContext@1e7aa82b: startup date [Tue Jan 14 14:07:41 CST 2020]; root of context hierarchy] and resource loader paths [classpath:/templates/]
2020-01-14 14:07:45.362 [main] WARN  o.s.b.a.velocity.VelocityAutoConfiguration - Cannot find template location: classpath:/templates/ (please add some templates, check your Velocity configuration, or set spring.velocity.checkTemplateLocation=false)
2020-01-14 14:07:45.495 [main] INFO  o.s.jmx.export.annotation.AnnotationMBeanExporter - Registering beans for JMX exposure on startup
2020-01-14 14:07:45.501 [main] INFO  o.s.context.support.DefaultLifecycleProcessor - Starting beans in phase 2147483647
2020-01-14 14:07:45.502 [main] INFO  s.d.s.web.plugins.DocumentationPluginsBootstrapper - Context refreshed
2020-01-14 14:07:45.515 [main] INFO  s.d.s.web.plugins.DocumentationPluginsBootstrapper - Found 1 custom documentation plugin(s)
2020-01-14 14:07:45.542 [main] INFO  s.d.spring.web.scanners.ApiListingReferenceScanner - Scanning for api listing references
2020-01-14 14:07:45.560 [main] INFO  org.apache.coyote.http11.Http11NioProtocol - Initializing ProtocolHandler ["https-jsse-nio-8084"]
2020-01-14 14:07:45.569 [main] INFO  org.apache.coyote.http11.Http11NioProtocol - Starting ProtocolHandler [https-jsse-nio-8084]
2020-01-14 14:07:45.600 [main] INFO  org.apache.tomcat.util.net.NioSelectorPool - Using a shared selector for servlet write/read
2020-01-14 14:07:45.614 [main] INFO  o.s.b.c.e.tomcat.TomcatEmbeddedServletContainer - Tomcat started on port(s): 8084 (https)
2020-01-14 14:07:45.618 [main] INFO  com.idss.Application - Started Application in 4.961 seconds (JVM running for 6.268)
2020-01-14 14:07:46.843 [https-jsse-nio-8084-exec-6] INFO  o.a.c.core.ContainerBase.[Tomcat].[localhost].[/] - Initializing Spring FrameworkServlet 'dispatcherServlet'
2020-01-14 14:07:46.843 [https-jsse-nio-8084-exec-6] INFO  org.springframework.web.servlet.DispatcherServlet - FrameworkServlet 'dispatcherServlet': initialization started
2020-01-14 14:07:46.864 [https-jsse-nio-8084-exec-6] INFO  org.springframework.web.servlet.DispatcherServlet - FrameworkServlet 'dispatcherServlet': initialization completed in 21 ms
2020-01-14 14:07:46.904 [https-jsse-nio-8084-exec-6] INFO  com.idss.service.ProcessorManager -
2020-01-14 14:07:46.970 [https-jsse-nio-8084-exec-6] INFO  com.idss.controller.PMApiController -
==============================================================================
URL : https://127.0.0.1:8084/pm-api/plug
ARGS : {"data":{"id":0},"errorCode":0,"errorMsg":"Success"}

2020-01-14 14:08:09.933 [Thread-17] INFO  com.idss.service.TaskFork - ------------------scan fork task success-----------------
2020-01-14 14:08:09.933 [https-jsse-nio-8084-exec-10] INFO  com.idss.WebRequestLogAspect -
==============================================================================
URL : https://127.0.0.1:8084/holmes/scan
ARGS : {"taskName":"doc发现2","content":{"rules":[{"name":"姓名","rule":{"columnType":"","condition":"DATA","data":"","columnName":""},"type":"0","sensitiveTypeId":1},{"name":"身份证","rule":{"columnType":"","condition":"DATA","data":"","columnName":""},"type":"0","sensitiveTypeId":2},{"name":"地址","rule":{"columnType":"","condition":"DATA","data":"","columnName":""},"type":"0","sensitiveTypeId":3},{"name":"手机号","rule":{"columnType":"","condition":"DATA","data":"","columnName":""},"type":"0","sensitiveTypeId":4},{"name":"银行卡号","rule":{"columnType":"","condition":"DATA","data":"","columnName":""},"type":"0","sensitiveTypeId":5},{"name":"邮箱","rule":{"columnType":"","condition":"DATA","data":"","columnName":""},"type":"0","sensitiveTypeId":6},{"name":"工商注册号","rule":{"columnType":"","condition":"DATA","data":"","columnName":""},"type":"0","sensitiveTypeId":7},{"name":"护照","rule":{"columnType":"","condition":"DATA","data":"","columnName":""},"type":"0","sensitiveTypeId":8},{"name":"军官证","rule":{"columnType":"","condition":"DATA","data":"","columnName":""},"type":"0","sensitiveTypeId":9},{"name":"座机号","rule":{"columnType":"","condition":"DATA","data":"","columnName":""},"type":"0","sensitiveTypeId":10},{"name":"纳税人识别号","rule":{"columnType":"","condition":"DATA","data":"","columnName":""},"type":"0","sensitiveTypeId":11},{"name":"企业组织机构代码","rule":{"columnType":"","condition":"DATA","data":"","columnName":""},"type":"0","sensitiveTypeId":12},{"name":"统一社会信用代码","rule":{"columnType":"","condition":"DATA","data":"","columnName":""},"type":"0","sensitiveTypeId":13},{"name":"公司名","rule":{"columnType":"","condition":"DATA","data":"","columnName":""},"type":"0","sensitiveTypeId":15},{"name":"日期时间","rule":{"columnType":"","condition":"DATA","data":"","columnName":""},"type":"0","sensitiveTypeId":16},{"name":"民族","rule":{"columnType":"","condition":"DATA","data":"","columnName":""},"type":"0","sensitiveTypeId":17},{"name":"婚姻状况","rule":{"columnType":"","condition":"DATA","data":"","columnName":""},"type":"0","sensitiveTypeId":18},{"name":"性别","rule":{"columnType":"","condition":"DATA","data":"","columnName":""},"type":"0","sensitiveTypeId":19},{"name":"籍贯","rule":{"columnType":"","condition":"DATA","data":"","columnName":""},"type":"0","sensitiveTypeId":20},{"name":"职业","rule":{"columnType":"","condition":"DATA","data":"","columnName":""},"type":"0","sensitiveTypeId":21},{"name":"驾照编号","rule":{"columnType":"","condition":"DATA","data":"","columnName":""},"type":"0","sensitiveTypeId":22},{"name":"宗教信仰","rule":{"columnType":"","condition":"DATA","data":"","columnName":""},"type":"0","sensitiveTypeId":23},{"name":"种族","rule":{"columnType":"","condition":"DATA","data":"","columnName":""},"type":"0","sensitiveTypeId":24},{"name":"基站号","rule":{"columnType":"","condition":"DATA","data":"","columnName":""},"type":"0","sensitiveTypeId":25},{"name":"经纬度坐标","rule":{"columnType":"","condition":"DATA","data":"","columnName":""},"type":"0","sensitiveTypeId":26},{"name":"车牌号","rule":{"columnType":"","condition":"DATA","data":"","columnName":""},"type":"0","sensitiveTypeId":27},{"name":"车架号","rule":{"columnType":"","condition":"DATA","data":"","columnName":""},"type":"0","sensitiveTypeId":28},{"name":"生日","rule":{"columnType":"","condition":"DATA","data":"","columnName":""},"type":"0","sensitiveTypeId":29}],"params":{"sampleCount":"500","structureType":"2","bias":"50","scanMode":"0","startTime":"1578982090000"},"aiRules":{"requestAddr":"https://172.16.0.21:8438/model/1570789160813.zip","typeList":["不能识别的类型"],"typeKV":{}},"dicts":{},"priorityLevel":0,"schemas":[{"tables":[{"path":"/csc/1.doc","condition":"","name":"/csc/1.doc","rowCount":"0"}],"name":"csc"}],"limit":0,"connection":{"symbol":"无","charset":"UTF-8","address":"172.16.0.21","isFTP":"true","protocolType":"2","type":"DOC","path":"/csc","password":"******","newline":"无","port":"21","hasHead":"false","username":"testcj","timestamp":"1578982089706"},"dataSourceType":"FILE"},"taskId":47}
RETURN : {"errCode":0,"errMsg":"Success","data":1}
耗时（毫秒） : 23
==============================================================================

2020-01-14 14:08:11.762 [https-jsse-nio-8084-exec-2] INFO  com.idss.controller.PMApiController - fetch task success:0taskId:2
2020-01-14 14:08:12.738 [https-jsse-nio-8084-exec-7] INFO  com.idss.WebRequestLogAspect -
==============================================================================
URL : https://127.0.0.1:8084/pm-api/deliverTask
ARGS : [0,"{\"processorId\":-1,\"errorCode\":0,\"id\":2,\"state\":\"PROCESSING\",\"type\":2,\"content\":\"{\\\"tables\\\":[{\\\"condition\\\":\\\"\\\",\\\"errCode\\\":0,\\\"columns\\\":[],\\\"name\\\":\\\"/csc/1.doc\\\",\\\"scanCount\\\":0,\\\"sample\\\":\\\"\\\"}],\\\"errCode\\\":0,\\\"errMsg\\\":\\\"sucessor\\\",\\\"schemaName\\\":\\\"csc\\\"}\",\"errorMsg\":\"\"}"]
RETURN : {"errorCode":0,"errorMsg":"Success","data":{}}
耗时（毫秒） : 13
==============================================================================

2020-01-14 14:08:35.298 [https-jsse-nio-8084-exec-7] INFO  com.idss.WebRequestLogAspect -
==============================================================================
URL : https://127.0.0.1:8084/holmes/scan
ARGS : {"taskName":"doc发现2","content":{"rules":[{"name":"姓名","rule":{"columnType":"","condition":"DATA","data":"","columnName":""},"type":"0","sensitiveTypeId":1},{"name":"身份证","rule":{"columnType":"","condition":"DATA","data":"","columnName":""},"type":"0","sensitiveTypeId":2},{"name":"地址","rule":{"columnType":"","condition":"DATA","data":"","columnName":""},"type":"0","sensitiveTypeId":3},{"name":"手机号","rule":{"columnType":"","condition":"DATA","data":"","columnName":""},"type":"0","sensitiveTypeId":4},{"name":"银行卡号","rule":{"columnType":"","condition":"DATA","data":"","columnName":""},"type":"0","sensitiveTypeId":5},{"name":"邮箱","rule":{"columnType":"","condition":"DATA","data":"","columnName":""},"type":"0","sensitiveTypeId":6},{"name":"工商注册号","rule":{"columnType":"","condition":"DATA","data":"","columnName":""},"type":"0","sensitiveTypeId":7},{"name":"护照","rule":{"columnType":"","condition":"DATA","data":"","columnName":""},"type":"0","sensitiveTypeId":8},{"name":"军官证","rule":{"columnType":"","condition":"DATA","data":"","columnName":""},"type":"0","sensitiveTypeId":9},{"name":"座机号","rule":{"columnType":"","condition":"DATA","data":"","columnName":""},"type":"0","sensitiveTypeId":10},{"name":"纳税人识别号","rule":{"columnType":"","condition":"DATA","data":"","columnName":""},"type":"0","sensitiveTypeId":11},{"name":"企业组织机构代码","rule":{"columnType":"","condition":"DATA","data":"","columnName":""},"type":"0","sensitiveTypeId":12},{"name":"统一社会信用代码","rule":{"columnType":"","condition":"DATA","data":"","columnName":""},"type":"0","sensitiveTypeId":13},{"name":"公司名","rule":{"columnType":"","condition":"DATA","data":"","columnName":""},"type":"0","sensitiveTypeId":15},{"name":"日期时间","rule":{"columnType":"","condition":"DATA","data":"","columnName":""},"type":"0","sensitiveTypeId":16},{"name":"民族","rule":{"columnType":"","condition":"DATA","data":"","columnName":""},"type":"0","sensitiveTypeId":17},{"name":"婚姻状况","rule":{"columnType":"","condition":"DATA","data":"","columnName":""},"type":"0","sensitiveTypeId":18},{"name":"性别","rule":{"columnType":"","condition":"DATA","data":"","columnName":""},"type":"0","sensitiveTypeId":19},{"name":"籍贯","rule":{"columnType":"","condition":"DATA","data":"","columnName":""},"type":"0","sensitiveTypeId":20},{"name":"职业","rule":{"columnType":"","condition":"DATA","data":"","columnName":""},"type":"0","sensitiveTypeId":21},{"name":"驾照编号","rule":{"columnType":"","condition":"DATA","data":"","columnName":""},"type":"0","sensitiveTypeId":22},{"name":"宗教信仰","rule":{"columnType":"","condition":"DATA","data":"","columnName":""},"type":"0","sensitiveTypeId":23},{"name":"种族","rule":{"columnType":"","condition":"DATA","data":"","columnName":""},"type":"0","sensitiveTypeId":24},{"name":"基站号","rule":{"columnType":"","condition":"DATA","data":"","columnName":""},"type":"0","sensitiveTypeId":25},{"name":"经纬度坐标","rule":{"columnType":"","condition":"DATA","data":"","columnName":""},"type":"0","sensitiveTypeId":26},{"name":"车牌号","rule":{"columnType":"","condition":"DATA","data":"","columnName":""},"type":"0","sensitiveTypeId":27},{"name":"车架号","rule":{"columnType":"","condition":"DATA","data":"","columnName":""},"type":"0","sensitiveTypeId":28},{"name":"生日","rule":{"columnType":"","condition":"DATA","data":"","columnName":""},"type":"0","sensitiveTypeId":29}],"params":{"sampleCount":"500","structureType":"2","bias":"50","scanMode":"0","startTime":"1578982115000"},"aiRules":{"requestAddr":"https://172.16.0.21:8438/model/1570789160813.zip","typeList":["不能识别的类型"],"typeKV":{}},"dicts":{},"priorityLevel":0,"schemas":[{"tables":[{"path":"/csc/1.doc","condition":"","name":"/csc/1.doc","rowCount":"0"}],"name":"csc"}],"limit":0,"connection":{"symbol":"无","charset":"UTF-8","address":"172.16.0.21","isFTP":"true","protocolType":"2","type":"DOC","path":"/csc","password":"******","newline":"无","port":"21","hasHead":"false","username":"testcj","timestamp":"1578982115172"},"dataSourceType":"FILE"},"taskId":47}
RETURN : {"errCode":0,"errMsg":"Success","data":3}
耗时（毫秒） : 3
==============================================================================

2020-01-14 14:08:35.298 [Thread-18] INFO  com.idss.service.TaskFork - ------------------scan fork task success-----------------
2020-01-14 14:08:36.376 [https-jsse-nio-8084-exec-1] INFO  com.idss.controller.PMApiController - fetch task success:0taskId:4
2020-01-14 14:08:55.873 [https-jsse-nio-8084-exec-3] INFO  com.idss.WebRequestLogAspect -
==============================================================================
URL : https://127.0.0.1:8084/pm-api/deliverTask
ARGS : [0,"{\"processorId\":-1,\"errorCode\":0,\"id\":4,\"state\":\"PROCESSING\",\"type\":2,\"content\":\"{\\\"tables\\\":[{\\\"condition\\\":\\\"\\\",\\\"errCode\\\":0,\\\"columns\\\":[],\\\"name\\\":\\\"/csc/1.doc\\\",\\\"scanCount\\\":0,\\\"sample\\\":\\\"\\\"}],\\\"errCode\\\":0,\\\"errMsg\\\":\\\"sucessor\\\",\\\"schemaName\\\":\\\"csc\\\"}\",\"errorMsg\":\"\"}"]
RETURN : {"errorCode":0,"errorMsg":"Success","data":{}}
耗时（毫秒） : 12
==============================================================================

2020-01-14 14:10:06.162 [https-jsse-nio-8084-exec-4] INFO  com.idss.service.ProcessorManager -
2020-01-14 14:10:06.162 [https-jsse-nio-8084-exec-4] INFO  com.idss.controller.PMApiController -
==============================================================================
URL : https://127.0.0.1:8084/pm-api/plug
ARGS : {"data":{"id":1},"errorCode":0,"errorMsg":"Success"}

2020-01-14 14:10:15.455 [https-jsse-nio-8084-exec-14] INFO  com.idss.WebRequestLogAspect -
==============================================================================
URL : https://127.0.0.1:8084/holmes/scan
ARGS : {"taskName":"doc发现2","content":{"rules":[{"name":"姓名","rule":{"columnType":"","condition":"DATA","data":"","columnName":""},"type":"0","sensitiveTypeId":1},{"name":"身份证","rule":{"columnType":"","condition":"DATA","data":"","columnName":""},"type":"0","sensitiveTypeId":2},{"name":"地址","rule":{"columnType":"","condition":"DATA","data":"","columnName":""},"type":"0","sensitiveTypeId":3},{"name":"手机号","rule":{"columnType":"","condition":"DATA","data":"","columnName":""},"type":"0","sensitiveTypeId":4},{"name":"银行卡号","rule":{"columnType":"","condition":"DATA","data":"","columnName":""},"type":"0","sensitiveTypeId":5},{"name":"邮箱","rule":{"columnType":"","condition":"DATA","data":"","columnName":""},"type":"0","sensitiveTypeId":6},{"name":"工商注册号","rule":{"columnType":"","condition":"DATA","data":"","columnName":""},"type":"0","sensitiveTypeId":7},{"name":"护照","rule":{"columnType":"","condition":"DATA","data":"","columnName":""},"type":"0","sensitiveTypeId":8},{"name":"军官证","rule":{"columnType":"","condition":"DATA","data":"","columnName":""},"type":"0","sensitiveTypeId":9},{"name":"座机号","rule":{"columnType":"","condition":"DATA","data":"","columnName":""},"type":"0","sensitiveTypeId":10},{"name":"纳税人识别号","rule":{"columnType":"","condition":"DATA","data":"","columnName":""},"type":"0","sensitiveTypeId":11},{"name":"企业组织机构代码","rule":{"columnType":"","condition":"DATA","data":"","columnName":""},"type":"0","sensitiveTypeId":12},{"name":"统一社会信用代码","rule":{"columnType":"","condition":"DATA","data":"","columnName":""},"type":"0","sensitiveTypeId":13},{"name":"公司名","rule":{"columnType":"","condition":"DATA","data":"","columnName":""},"type":"0","sensitiveTypeId":15},{"name":"日期时间","rule":{"columnType":"","condition":"DATA","data":"","columnName":""},"type":"0","sensitiveTypeId":16},{"name":"民族","rule":{"columnType":"","condition":"DATA","data":"","columnName":""},"type":"0","sensitiveTypeId":17},{"name":"婚姻状况","rule":{"columnType":"","condition":"DATA","data":"","columnName":""},"type":"0","sensitiveTypeId":18},{"name":"性别","rule":{"columnType":"","condition":"DATA","data":"","columnName":""},"type":"0","sensitiveTypeId":19},{"name":"籍贯","rule":{"columnType":"","condition":"DATA","data":"","columnName":""},"type":"0","sensitiveTypeId":20},{"name":"职业","rule":{"columnType":"","condition":"DATA","data":"","columnName":""},"type":"0","sensitiveTypeId":21},{"name":"驾照编号","rule":{"columnType":"","condition":"DATA","data":"","columnName":""},"type":"0","sensitiveTypeId":22},{"name":"宗教信仰","rule":{"columnType":"","condition":"DATA","data":"","columnName":""},"type":"0","sensitiveTypeId":23},{"name":"种族","rule":{"columnType":"","condition":"DATA","data":"","columnName":""},"type":"0","sensitiveTypeId":24},{"name":"基站号","rule":{"columnType":"","condition":"DATA","data":"","columnName":""},"type":"0","sensitiveTypeId":25},{"name":"经纬度坐标","rule":{"columnType":"","condition":"DATA","data":"","columnName":""},"type":"0","sensitiveTypeId":26},{"name":"车牌号","rule":{"columnType":"","condition":"DATA","data":"","columnName":""},"type":"0","sensitiveTypeId":27},{"name":"车架号","rule":{"columnType":"","condition":"DATA","data":"","columnName":""},"type":"0","sensitiveTypeId":28},{"name":"生日","rule":{"columnType":"","condition":"DATA","data":"","columnName":""},"type":"0","sensitiveTypeId":29}],"params":{"sampleCount":"500","structureType":"2","bias":"50","scanMode":"0","startTime":"1578982215000"},"aiRules":{"requestAddr":"https://172.16.0.21:8438/model/1570789160813.zip","typeList":["不能识别的类型"],"typeKV":{}},"dicts":{},"priorityLevel":0,"schemas":[{"tables":[{"path":"/csc/1.doc","condition":"","name":"/csc/1.doc","rowCount":"0"}],"name":"csc"}],"limit":0,"connection":{"symbol":"无","charset":"UTF-8","address":"172.16.0.21","isFTP":"true","protocolType":"2","type":"DOC","path":"/csc","password":"******","newline":"无","port":"21","hasHead":"false","username":"testcj","timestamp":"1578982215202"},"dataSourceType":"FILE"},"taskId":47}
RETURN : {"errCode":0,"errMsg":"Success","data":5}
耗时（毫秒） : 5
==============================================================================

2020-01-14 14:10:15.456 [Thread-19] INFO  com.idss.service.TaskFork - ------------------scan fork task success-----------------
2020-01-14 14:10:15.565 [https-jsse-nio-8084-exec-23] INFO  com.idss.controller.PMApiController - fetch task success:1taskId:6
2020-01-14 14:10:34.091 [https-jsse-nio-8084-exec-26] INFO  com.idss.WebRequestLogAspect -
==============================================================================
URL : https://127.0.0.1:8084/pm-api/deliverTask
ARGS : [1,"{\"processorId\":-1,\"errorCode\":0,\"id\":6,\"state\":\"PROCESSING\",\"type\":2,\"content\":\"{\\\"tables\\\":[{\\\"condition\\\":\\\"\\\",\\\"errCode\\\":0,\\\"columns\\\":[],\\\"name\\\":\\\"/csc/1.doc\\\",\\\"scanCount\\\":0,\\\"sample\\\":\\\"\\\"}],\\\"errCode\\\":0,\\\"errMsg\\\":\\\"sucessor\\\",\\\"schemaName\\\":\\\"csc\\\"}\",\"errorMsg\":\"\"}"]
RETURN : {"errorCode":0,"errorMsg":"Success","data":{}}
耗时（毫秒） : 6
==============================================================================

2020-01-14 14:10:49.470 [https-jsse-nio-8084-exec-28] INFO  com.idss.WebRequestLogAspect -
==============================================================================
URL : https://127.0.0.1:8084/holmes/scan
ARGS : {"taskName":"doc发现2","content":{"rules":[{"name":"姓名","rule":{"columnType":"","condition":"DATA","data":"","columnName":""},"type":"0","sensitiveTypeId":1},{"name":"身份证","rule":{"columnType":"","condition":"DATA","data":"","columnName":""},"type":"0","sensitiveTypeId":2},{"name":"地址","rule":{"columnType":"","condition":"DATA","data":"","columnName":""},"type":"0","sensitiveTypeId":3},{"name":"手机号","rule":{"columnType":"","condition":"DATA","data":"","columnName":""},"type":"0","sensitiveTypeId":4},{"name":"银行卡号","rule":{"columnType":"","condition":"DATA","data":"","columnName":""},"type":"0","sensitiveTypeId":5},{"name":"邮箱","rule":{"columnType":"","condition":"DATA","data":"","columnName":""},"type":"0","sensitiveTypeId":6},{"name":"工商注册号","rule":{"columnType":"","condition":"DATA","data":"","columnName":""},"type":"0","sensitiveTypeId":7},{"name":"护照","rule":{"columnType":"","condition":"DATA","data":"","columnName":""},"type":"0","sensitiveTypeId":8},{"name":"军官证","rule":{"columnType":"","condition":"DATA","data":"","columnName":""},"type":"0","sensitiveTypeId":9},{"name":"座机号","rule":{"columnType":"","condition":"DATA","data":"","columnName":""},"type":"0","sensitiveTypeId":10},{"name":"纳税人识别号","rule":{"columnType":"","condition":"DATA","data":"","columnName":""},"type":"0","sensitiveTypeId":11},{"name":"企业组织机构代码","rule":{"columnType":"","condition":"DATA","data":"","columnName":""},"type":"0","sensitiveTypeId":12},{"name":"统一社会信用代码","rule":{"columnType":"","condition":"DATA","data":"","columnName":""},"type":"0","sensitiveTypeId":13},{"name":"公司名","rule":{"columnType":"","condition":"DATA","data":"","columnName":""},"type":"0","sensitiveTypeId":15},{"name":"日期时间","rule":{"columnType":"","condition":"DATA","data":"","columnName":""},"type":"0","sensitiveTypeId":16},{"name":"民族","rule":{"columnType":"","condition":"DATA","data":"","columnName":""},"type":"0","sensitiveTypeId":17},{"name":"婚姻状况","rule":{"columnType":"","condition":"DATA","data":"","columnName":""},"type":"0","sensitiveTypeId":18},{"name":"性别","rule":{"columnType":"","condition":"DATA","data":"","columnName":""},"type":"0","sensitiveTypeId":19},{"name":"籍贯","rule":{"columnType":"","condition":"DATA","data":"","columnName":""},"type":"0","sensitiveTypeId":20},{"name":"职业","rule":{"columnType":"","condition":"DATA","data":"","columnName":""},"type":"0","sensitiveTypeId":21},{"name":"驾照编号","rule":{"columnType":"","condition":"DATA","data":"","columnName":""},"type":"0","sensitiveTypeId":22},{"name":"宗教信仰","rule":{"columnType":"","condition":"DATA","data":"","columnName":""},"type":"0","sensitiveTypeId":23},{"name":"种族","rule":{"columnType":"","condition":"DATA","data":"","columnName":""},"type":"0","sensitiveTypeId":24},{"name":"基站号","rule":{"columnType":"","condition":"DATA","data":"","columnName":""},"type":"0","sensitiveTypeId":25},{"name":"经纬度坐标","rule":{"columnType":"","condition":"DATA","data":"","columnName":""},"type":"0","sensitiveTypeId":26},{"name":"车牌号","rule":{"columnType":"","condition":"DATA","data":"","columnName":""},"type":"0","sensitiveTypeId":27},{"name":"车架号","rule":{"columnType":"","condition":"DATA","data":"","columnName":""},"type":"0","sensitiveTypeId":28},{"name":"生日","rule":{"columnType":"","condition":"DATA","data":"","columnName":""},"type":"0","sensitiveTypeId":29}],"params":{"sampleCount":"500","structureType":"2","bias":"50","scanMode":"0","startTime":"1578982249000"},"aiRules":{"requestAddr":"https://172.16.0.21:8438/model/1570789160813.zip","typeList":["不能识别的类型"],"typeKV":{}},"dicts":{},"priorityLevel":0,"schemas":[{"tables":[{"path":"/csc/1.doc","condition":"","name":"/csc/1.doc","rowCount":"0"}],"name":"csc"}],"limit":0,"connection":{"symbol":"无","charset":"UTF-8","address":"172.16.0.21","isFTP":"true","protocolType":"2","type":"DOC","path":"/csc","password":"******","newline":"无","port":"21","hasHead":"false","username":"testcj","timestamp":"1578982249347"},"dataSourceType":"FILE"},"taskId":47}
RETURN : {"errCode":0,"errMsg":"Success","data":7}
耗时（毫秒） : 3
==============================================================================

2020-01-14 14:10:49.470 [Thread-21] INFO  com.idss.service.TaskFork - ------------------scan fork task success-----------------
2020-01-14 14:10:52.105 [https-jsse-nio-8084-exec-15] INFO  com.idss.controller.PMApiController - fetch task success:1taskId:8
2020-01-14 14:11:01.653 [https-jsse-nio-8084-exec-23] INFO  com.idss.WebRequestLogAspect -
==============================================================================
URL : https://127.0.0.1:8084/pm-api/deliverTask
ARGS : [1,"{\"processorId\":-1,\"errorCode\":0,\"id\":8,\"state\":\"PROCESSING\",\"type\":2,\"content\":\"{\\\"tables\\\":[{\\\"condition\\\":\\\"\\\",\\\"errCode\\\":0,\\\"columns\\\":[],\\\"name\\\":\\\"/csc/1.doc\\\",\\\"scanCount\\\":0,\\\"sample\\\":\\\"\\\"}],\\\"errCode\\\":0,\\\"errMsg\\\":\\\"sucessor\\\",\\\"schemaName\\\":\\\"csc\\\"}\",\"errorMsg\":\"\"}"]
RETURN : {"errorCode":0,"errorMsg":"Success","data":{}}
耗时（毫秒） : 4
==============================================================================

2020-01-14 14:11:56.484 [https-jsse-nio-8084-exec-10] INFO  com.idss.service.ProcessorManager -
2020-01-14 14:11:56.484 [https-jsse-nio-8084-exec-10] INFO  com.idss.controller.PMApiController -
==============================================================================
URL : https://127.0.0.1:8084/pm-api/plug
ARGS : {"data":{"id":2},"errorCode":0,"errorMsg":"Success"}

2020-01-14 14:12:06.677 [https-jsse-nio-8084-exec-9] INFO  com.idss.WebRequestLogAspect -
==============================================================================
URL : https://127.0.0.1:8084/holmes/scan
ARGS : {"taskName":"doc发现2","content":{"rules":[{"name":"姓名","rule":{"columnType":"","condition":"DATA","data":"","columnName":""},"type":"0","sensitiveTypeId":1},{"name":"身份证","rule":{"columnType":"","condition":"DATA","data":"","columnName":""},"type":"0","sensitiveTypeId":2},{"name":"地址","rule":{"columnType":"","condition":"DATA","data":"","columnName":""},"type":"0","sensitiveTypeId":3},{"name":"手机号","rule":{"columnType":"","condition":"DATA","data":"","columnName":""},"type":"0","sensitiveTypeId":4},{"name":"银行卡号","rule":{"columnType":"","condition":"DATA","data":"","columnName":""},"type":"0","sensitiveTypeId":5},{"name":"邮箱","rule":{"columnType":"","condition":"DATA","data":"","columnName":""},"type":"0","sensitiveTypeId":6},{"name":"工商注册号","rule":{"columnType":"","condition":"DATA","data":"","columnName":""},"type":"0","sensitiveTypeId":7},{"name":"护照","rule":{"columnType":"","condition":"DATA","data":"","columnName":""},"type":"0","sensitiveTypeId":8},{"name":"军官证","rule":{"columnType":"","condition":"DATA","data":"","columnName":""},"type":"0","sensitiveTypeId":9},{"name":"座机号","rule":{"columnType":"","condition":"DATA","data":"","columnName":""},"type":"0","sensitiveTypeId":10},{"name":"纳税人识别号","rule":{"columnType":"","condition":"DATA","data":"","columnName":""},"type":"0","sensitiveTypeId":11},{"name":"企业组织机构代码","rule":{"columnType":"","condition":"DATA","data":"","columnName":""},"type":"0","sensitiveTypeId":12},{"name":"统一社会信用代码","rule":{"columnType":"","condition":"DATA","data":"","columnName":""},"type":"0","sensitiveTypeId":13},{"name":"公司名","rule":{"columnType":"","condition":"DATA","data":"","columnName":""},"type":"0","sensitiveTypeId":15},{"name":"日期时间","rule":{"columnType":"","condition":"DATA","data":"","columnName":""},"type":"0","sensitiveTypeId":16},{"name":"民族","rule":{"columnType":"","condition":"DATA","data":"","columnName":""},"type":"0","sensitiveTypeId":17},{"name":"婚姻状况","rule":{"columnType":"","condition":"DATA","data":"","columnName":""},"type":"0","sensitiveTypeId":18},{"name":"性别","rule":{"columnType":"","condition":"DATA","data":"","columnName":""},"type":"0","sensitiveTypeId":19},{"name":"籍贯","rule":{"columnType":"","condition":"DATA","data":"","columnName":""},"type":"0","sensitiveTypeId":20},{"name":"职业","rule":{"columnType":"","condition":"DATA","data":"","columnName":""},"type":"0","sensitiveTypeId":21},{"name":"驾照编号","rule":{"columnType":"","condition":"DATA","data":"","columnName":""},"type":"0","sensitiveTypeId":22},{"name":"宗教信仰","rule":{"columnType":"","condition":"DATA","data":"","columnName":""},"type":"0","sensitiveTypeId":23},{"name":"种族","rule":{"columnType":"","condition":"DATA","data":"","columnName":""},"type":"0","sensitiveTypeId":24},{"name":"基站号","rule":{"columnType":"","condition":"DATA","data":"","columnName":""},"type":"0","sensitiveTypeId":25},{"name":"经纬度坐标","rule":{"columnType":"","condition":"DATA","data":"","columnName":""},"type":"0","sensitiveTypeId":26},{"name":"车牌号","rule":{"columnType":"","condition":"DATA","data":"","columnName":""},"type":"0","sensitiveTypeId":27},{"name":"车架号","rule":{"columnType":"","condition":"DATA","data":"","columnName":""},"type":"0","sensitiveTypeId":28},{"name":"生日","rule":{"columnType":"","condition":"DATA","data":"","columnName":""},"type":"0","sensitiveTypeId":29}],"params":{"sampleCount":"500","structureType":"2","bias":"50","scanMode":"0","startTime":"1578982326000"},"aiRules":{"requestAddr":"https://172.16.0.21:8438/model/1570789160813.zip","typeList":["不能识别的类型"],"typeKV":{}},"dicts":{},"priorityLevel":0,"schemas":[{"tables":[{"path":"/csc/1.doc","condition":"","name":"/csc/1.doc","rowCount":"0"}],"name":"csc"}],"limit":0,"connection":{"symbol":"无","charset":"UTF-8","address":"172.16.0.21","isFTP":"true","protocolType":"2","type":"DOC","path":"/csc","password":"******","newline":"无","port":"21","hasHead":"false","username":"testcj","timestamp":"1578982326502"},"dataSourceType":"FILE"},"taskId":47}
RETURN : {"errCode":0,"errMsg":"Success","data":9}
耗时（毫秒） : 3
==============================================================================

2020-01-14 14:12:06.717 [Thread-22] INFO  com.idss.service.TaskFork - ------------------scan fork task success-----------------
2020-01-14 14:12:09.017 [https-jsse-nio-8084-exec-26] INFO  com.idss.controller.PMApiController - fetch task success:2taskId:10
2020-01-14 14:12:13.029 [https-jsse-nio-8084-exec-18] INFO  com.idss.WebRequestLogAspect -
==============================================================================
URL : https://127.0.0.1:8084/pm-api/deliverTask
ARGS : [2,"{\"processorId\":-1,\"errorCode\":0,\"id\":10,\"state\":\"PROCESSING\",\"type\":2,\"content\":\"{\\\"tables\\\":[{\\\"condition\\\":\\\"\\\",\\\"errCode\\\":0,\\\"columns\\\":[{\\\"ruleInfo\\\":[{\\\"hitCount\\\":666,\\\"ruleName\\\":\\\"姓名\\\"}],\\\"name\\\":\\\"姓名\\\",\\\"type\\\":\\\"String\\\",\\\"sample\\\":[\\\"法规\\\",\\\"简介\\\",\\\"声明\\\",\\\"公司\\\",\\\"敏感数据\\\",\\\"多种\\\",\\\"法律\\\",\\\"信息反馈\\\",\\\"支持\\\",\\\"类型\\\"]},{\\\"ruleInfo\\\":[{\\\"hitCount\\\":1,\\\"ruleName\\\":\\\"职业\\\"}],\\\"name\\\":\\\"职业\\\",\\\"type\\\":\\\"String\\\",\\\"sample\\\":[\\\"翻译\\\"]},{\\\"ruleInfo\\\":[{\\\"hitCount\\\":2,\\\"ruleName\\\":\\\"座机号\\\"}],\\\"name\\\":\\\"座机号\\\",\\\"type\\\":\\\"String\\\",\\\"sample\\\":[\\\"021-62090100\\\",\\\"62090100\\\"]},{\\\"ruleInfo\\\":[{\\\"hitCount\\\":2,\\\"ruleName\\\":\\\"日期时间\\\"}],\\\"name\\\":\\\"日期时间\\\",\\\"type\\\":\\\"String\\\",\\\"sample\\\":[\\\"200062\\\"]},{\\\"ruleInfo\\\":[{\\\"hitCount\\\":2,\\\"ruleName\\\":\\\"地址\\\"}],\\\"name\\\":\\\"地址\\\",\\\"type\\\":\\\"String\\\",\\\"sample\\\":[\\\"上海市\\\",\\\"普陀区\\\"]},{\\\"ruleInfo\\\":[{\\\"hitCount\\\":18,\\\"ruleName\\\":\\\"企业组织机构代码\\\"}],\\\"name\\\":\\\"企业组织机构代码\\\",\\\"type\\\":\\\"String\\\",\\\"sample\\\":[\\\"529886374\\\",\\\"529886358\\\",\\\"529886366\\\"]},{\\\"ruleInfo\\\":[{\\\"hitCount\\\":4,\\\"ruleName\\\":\\\"公司名\\\"}],\\\"name\\\":\\\"公司名\\\",\\\"type\\\":\\\"String\\\",\\\"sample\\\":[\\\"股份有限公司\\\"]}],\\\"name\\\":\\\"/csc/1.doc\\\",\\\"scanCount\\\":191,\\\"sample\\\":\\\"\\\\b\\\\r\\\\b\\\\r\\\\b\\\\r\\\\b\\\\r                                            \\\\u0001\\\\f目  录\\\\u0013 TOC \\\\\\\\o \\\\\\\"1-3\\\\\\\" \\\\\\\\h \\\\\\\\z \\\\\\\\u \\\\u0014\\\\r\\\\u0013 HYPERLINK \\\\\\\\l \\\\\\\"_Toc529886350\\\\\\\" \\\\u0001\\\\u0014版权声明\\\\t\\\\u0013 PAGEREF _Toc529886350 \\\\\\\\h \\\\u0001\\\\u00144\\\\u0015\\\\u0015\\\\r\\\\u0013 HYPERLINK \\\\\\\\l \\\\\\\"_Toc529886351\\\\\\\" \\\\u0001\\\\u0014免责条款\\\\t\\\\u0013 PAGEREF _Toc529886351 \\\\\\\\h \\\\u0001\\\\u00144\\\\u0015\\\\u0015\\\\r\\\\u0013 HYPERLINK \\\\\\\\l \\\\\\\"_Toc529886352\\\\\\\" \\\\u0001\\\\u0014信息反馈\\\\t\\\\u0013 PAGEREF _Toc529886352 \\\\\\\\h \\\\u0001\\\\u00144\\\\u0015\\\\u0015\\\\r\\\\u0013 HYPERLINK \\\\\\\\l \\\\\\\"_Toc529886353\\\\\\\" \\\\u0001\\\\u0014公司简介\\\\t\\\\u0013 PAGEREF _Toc529886353 \\\\\\\\h \\\\u0001\\\\u00145\\\\u0015\\\\u0015\\\\r\\\"}],\\\"errCode\\\":0,\\\"errMsg\\\":\\\"sucessor\\\",\\\"schemaName\\\":\\\"csc\\\"}\",\"errorMsg\":\"\"}"]
RETURN : {"errorCode":0,"errorMsg":"Success","data":{}}
耗时（毫秒） : 7
==============================================================================

2020-01-14 14:19:10.707 [https-jsse-nio-8084-exec-21] INFO  com.idss.WebRequestLogAspect -
==============================================================================
URL : https://127.0.0.1:8084/holmes/scan
ARGS : {"taskName":"CI要求与规范","content":{"rules":[{"name":"姓名","rule":{"columnType":"","condition":"DATA","data":"","columnName":""},"type":"0","sensitiveTypeId":1},{"name":"身份证","rule":{"columnType":"","condition":"DATA","data":"","columnName":""},"type":"0","sensitiveTypeId":2},{"name":"地址","rule":{"columnType":"","condition":"DATA","data":"","columnName":""},"type":"0","sensitiveTypeId":3},{"name":"手机号","rule":{"columnType":"","condition":"DATA","data":"","columnName":""},"type":"0","sensitiveTypeId":4},{"name":"银行卡号","rule":{"columnType":"","condition":"DATA","data":"","columnName":""},"type":"0","sensitiveTypeId":5},{"name":"邮箱","rule":{"columnType":"","condition":"DATA","data":"","columnName":""},"type":"0","sensitiveTypeId":6},{"name":"工商注册号","rule":{"columnType":"","condition":"DATA","data":"","columnName":""},"type":"0","sensitiveTypeId":7},{"name":"护照","rule":{"columnType":"","condition":"DATA","data":"","columnName":""},"type":"0","sensitiveTypeId":8},{"name":"军官证","rule":{"columnType":"","condition":"DATA","data":"","columnName":""},"type":"0","sensitiveTypeId":9},{"name":"座机号","rule":{"columnType":"","condition":"DATA","data":"","columnName":""},"type":"0","sensitiveTypeId":10},{"name":"纳税人识别号","rule":{"columnType":"","condition":"DATA","data":"","columnName":""},"type":"0","sensitiveTypeId":11},{"name":"企业组织机构代码","rule":{"columnType":"","condition":"DATA","data":"","columnName":""},"type":"0","sensitiveTypeId":12},{"name":"统一社会信用代码","rule":{"columnType":"","condition":"DATA","data":"","columnName":""},"type":"0","sensitiveTypeId":13},{"name":"公司名","rule":{"columnType":"","condition":"DATA","data":"","columnName":""},"type":"0","sensitiveTypeId":15},{"name":"日期时间","rule":{"columnType":"","condition":"DATA","data":"","columnName":""},"type":"0","sensitiveTypeId":16},{"name":"民族","rule":{"columnType":"","condition":"DATA","data":"","columnName":""},"type":"0","sensitiveTypeId":17},{"name":"婚姻状况","rule":{"columnType":"","condition":"DATA","data":"","columnName":""},"type":"0","sensitiveTypeId":18},{"name":"性别","rule":{"columnType":"","condition":"DATA","data":"","columnName":""},"type":"0","sensitiveTypeId":19},{"name":"籍贯","rule":{"columnType":"","condition":"DATA","data":"","columnName":""},"type":"0","sensitiveTypeId":20},{"name":"职业","rule":{"columnType":"","condition":"DATA","data":"","columnName":""},"type":"0","sensitiveTypeId":21},{"name":"驾照编号","rule":{"columnType":"","condition":"DATA","data":"","columnName":""},"type":"0","sensitiveTypeId":22},{"name":"宗教信仰","rule":{"columnType":"","condition":"DATA","data":"","columnName":""},"type":"0","sensitiveTypeId":23},{"name":"种族","rule":{"columnType":"","condition":"DATA","data":"","columnName":""},"type":"0","sensitiveTypeId":24},{"name":"基站号","rule":{"columnType":"","condition":"DATA","data":"","columnName":""},"type":"0","sensitiveTypeId":25},{"name":"经纬度坐标","rule":{"columnType":"","condition":"DATA","data":"","columnName":""},"type":"0","sensitiveTypeId":26},{"name":"车牌号","rule":{"columnType":"","condition":"DATA","data":"","columnName":""},"type":"0","sensitiveTypeId":27},{"name":"车架号","rule":{"columnType":"","condition":"DATA","data":"","columnName":""},"type":"0","sensitiveTypeId":28},{"name":"生日","rule":{"columnType":"","condition":"DATA","data":"","columnName":""},"type":"0","sensitiveTypeId":29}],"params":{"sampleCount":"500","structureType":"2","bias":"50","scanMode":"0","startTime":"1578982751000"},"aiRules":{"requestAddr":"https://127.0.0.1:8448/model/1570789160813.zip","typeList":["不能识别的类型"],"typeKV":{}},"dicts":{},"priorityLevel":0,"schemas":[{"tables":[{"path":"/csc/1.doc","condition":"","name":"/csc/1.doc","rowCount":"0"}],"name":"csc"}],"limit":0,"connection":{"symbol":"无","charset":"UTF-8","address":"172.16.0.21","isFTP":"true","protocolType":"2","type":"DOC","path":"/csc","password":"******","newline":"无","port":"21","hasHead":"false","username":"testcj","timestamp":"1578982750591"},"dataSourceType":"FILE"},"taskId":48}
RETURN : {"errCode":0,"errMsg":"Success","data":11}
耗时（毫秒） : 2
==============================================================================

2020-01-14 14:19:10.708 [Thread-23] INFO  com.idss.service.TaskFork - ------------------scan fork task success-----------------
2020-01-14 14:19:11.543 [https-jsse-nio-8084-exec-2] INFO  com.idss.controller.PMApiController - fetch task success:2taskId:12
2020-01-14 14:19:13.591 [https-jsse-nio-8084-exec-2] INFO  com.idss.WebRequestLogAspect -
==============================================================================
URL : https://127.0.0.1:8084/pm-api/deliverTask
ARGS : [2,"{\"processorId\":-1,\"errorCode\":0,\"id\":12,\"state\":\"PROCESSING\",\"type\":2,\"content\":\"{\\\"tables\\\":[{\\\"condition\\\":\\\"\\\",\\\"errCode\\\":0,\\\"columns\\\":[{\\\"ruleInfo\\\":[{\\\"hitCount\\\":161,\\\"ruleName\\\":\\\"姓名\\\"}],\\\"name\\\":\\\"姓名\\\",\\\"type\\\":\\\"String\\\",\\\"sample\\\":[\\\"刘炳森\\\",\\\"实施\\\",\\\"旁边\\\",\\\"严禁\\\",\\\"门楼\\\",\\\"保安\\\",\\\"字体\\\",\\\"门柱\\\",\\\"位置\\\",\\\"通道\\\"]}],\\\"name\\\":\\\"/csc/1.doc\\\",\\\"scanCount\\\":117,\\\"sample\\\":\\\"各项CI实施规范细则\\\\r   一、大门\\\\r\\\\b 大门背面：\\\\r\\\\b   标志和字严禁超过门柱位置，2头各留1米。\\\\r无门楼式大门：\\\\r\\\\b\\\\r有无门楼式的大门都必须在旁边设置保安亭或其他通道出入，禁止在大门中再开小门。\\\\r字体为刘炳森繁体字。\\\\r围墙：\\\\r\\\\b\\\\b\\\\r\\\"}],\\\"errCode\\\":0,\\\"errMsg\\\":\\\"sucessor\\\",\\\"schemaName\\\":\\\"csc\\\"}\",\"errorMsg\":\"\"}"]
RETURN : {"errorCode":0,"errorMsg":"Success","data":{}}
耗时（毫秒） : 3
==============================================================================

2020-01-14 14:20:04.171 [https-jsse-nio-8084-exec-1] INFO  com.idss.WebRequestLogAspect -
==============================================================================
URL : https://127.0.0.1:8084/holmes/scan
ARGS : {"taskName":"细则2013","content":{"rules":[{"name":"姓名","rule":{"columnType":"","condition":"DATA","data":"","columnName":""},"type":"0","sensitiveTypeId":1},{"name":"身份证","rule":{"columnType":"","condition":"DATA","data":"","columnName":""},"type":"0","sensitiveTypeId":2},{"name":"地址","rule":{"columnType":"","condition":"DATA","data":"","columnName":""},"type":"0","sensitiveTypeId":3},{"name":"手机号","rule":{"columnType":"","condition":"DATA","data":"","columnName":""},"type":"0","sensitiveTypeId":4},{"name":"银行卡号","rule":{"columnType":"","condition":"DATA","data":"","columnName":""},"type":"0","sensitiveTypeId":5},{"name":"邮箱","rule":{"columnType":"","condition":"DATA","data":"","columnName":""},"type":"0","sensitiveTypeId":6},{"name":"工商注册号","rule":{"columnType":"","condition":"DATA","data":"","columnName":""},"type":"0","sensitiveTypeId":7},{"name":"护照","rule":{"columnType":"","condition":"DATA","data":"","columnName":""},"type":"0","sensitiveTypeId":8},{"name":"军官证","rule":{"columnType":"","condition":"DATA","data":"","columnName":""},"type":"0","sensitiveTypeId":9},{"name":"座机号","rule":{"columnType":"","condition":"DATA","data":"","columnName":""},"type":"0","sensitiveTypeId":10},{"name":"纳税人识别号","rule":{"columnType":"","condition":"DATA","data":"","columnName":""},"type":"0","sensitiveTypeId":11},{"name":"企业组织机构代码","rule":{"columnType":"","condition":"DATA","data":"","columnName":""},"type":"0","sensitiveTypeId":12},{"name":"统一社会信用代码","rule":{"columnType":"","condition":"DATA","data":"","columnName":""},"type":"0","sensitiveTypeId":13},{"name":"公司名","rule":{"columnType":"","condition":"DATA","data":"","columnName":""},"type":"0","sensitiveTypeId":15},{"name":"日期时间","rule":{"columnType":"","condition":"DATA","data":"","columnName":""},"type":"0","sensitiveTypeId":16},{"name":"民族","rule":{"columnType":"","condition":"DATA","data":"","columnName":""},"type":"0","sensitiveTypeId":17},{"name":"婚姻状况","rule":{"columnType":"","condition":"DATA","data":"","columnName":""},"type":"0","sensitiveTypeId":18},{"name":"性别","rule":{"columnType":"","condition":"DATA","data":"","columnName":""},"type":"0","sensitiveTypeId":19},{"name":"籍贯","rule":{"columnType":"","condition":"DATA","data":"","columnName":""},"type":"0","sensitiveTypeId":20},{"name":"职业","rule":{"columnType":"","condition":"DATA","data":"","columnName":""},"type":"0","sensitiveTypeId":21},{"name":"驾照编号","rule":{"columnType":"","condition":"DATA","data":"","columnName":""},"type":"0","sensitiveTypeId":22},{"name":"宗教信仰","rule":{"columnType":"","condition":"DATA","data":"","columnName":""},"type":"0","sensitiveTypeId":23},{"name":"种族","rule":{"columnType":"","condition":"DATA","data":"","columnName":""},"type":"0","sensitiveTypeId":24},{"name":"基站号","rule":{"columnType":"","condition":"DATA","data":"","columnName":""},"type":"0","sensitiveTypeId":25},{"name":"经纬度坐标","rule":{"columnType":"","condition":"DATA","data":"","columnName":""},"type":"0","sensitiveTypeId":26},{"name":"车牌号","rule":{"columnType":"","condition":"DATA","data":"","columnName":""},"type":"0","sensitiveTypeId":27},{"name":"车架号","rule":{"columnType":"","condition":"DATA","data":"","columnName":""},"type":"0","sensitiveTypeId":28},{"name":"生日","rule":{"columnType":"","condition":"DATA","data":"","columnName":""},"type":"0","sensitiveTypeId":29}],"params":{"sampleCount":"500","structureType":"2","bias":"50","scanMode":"0","startTime":"1578982804000"},"aiRules":{"requestAddr":"https://127.0.0.1:8448/model/1570789160813.zip","typeList":["不能识别的类型"],"typeKV":{}},"dicts":{},"priorityLevel":0,"schemas":[{"tables":[{"path":"/csc/1.doc","condition":"","name":"/csc/1.doc","rowCount":"0"}],"name":"csc"}],"limit":0,"connection":{"symbol":"无","charset":"UTF-8","address":"172.16.0.21","isFTP":"true","protocolType":"2","type":"DOC","path":"/csc","password":"******","newline":"无","port":"21","hasHead":"false","username":"testcj","timestamp":"1578982804036"},"dataSourceType":"FILE"},"taskId":49}
RETURN : {"errCode":0,"errMsg":"Success","data":13}
耗时（毫秒） : 2
==============================================================================

2020-01-14 14:20:04.173 [Thread-24] INFO  com.idss.service.TaskFork - ------------------scan fork task success-----------------
2020-01-14 14:20:06.679 [https-jsse-nio-8084-exec-3] INFO  com.idss.controller.PMApiController - fetch task success:2taskId:14
2020-01-14 14:20:07.631 [https-jsse-nio-8084-exec-18] INFO  com.idss.WebRequestLogAspect -
==============================================================================
URL : https://127.0.0.1:8084/pm-api/deliverTask
ARGS : [2,"{\"processorId\":-1,\"errorCode\":0,\"id\":14,\"state\":\"PROCESSING\",\"type\":2,\"content\":\"{\\\"tables\\\":[{\\\"condition\\\":\\\"\\\",\\\"errCode\\\":0,\\\"columns\\\":[{\\\"ruleInfo\\\":[{\\\"hitCount\\\":671,\\\"ruleName\\\":\\\"姓名\\\"}],\\\"name\\\":\\\"姓名\\\",\\\"type\\\":\\\"String\\\",\\\"sample\\\":[\\\"清洁度\\\",\\\"关键\\\",\\\"文件\\\",\\\"过程\\\",\\\"布局\\\",\\\"国家标准\\\",\\\"台账\\\",\\\"卫生\\\",\\\"金属\\\",\\\"车间\\\"]}],\\\"name\\\":\\\"/csc/1.doc\\\",\\\"scanCount\\\":500,\\\"sample\\\":\\\"自动控制，能检测出≥球径2mm金属。\\\\u000740\\\\u0007\\\\u0007\\\\u0007\\\\u0007　　3、生产车间和辅助设施的设置应按生产流程需要及卫生要求，有序而合理布局。同时，应根据生产流程、生产操作需要和清洁度的要求进行隔离，防止交叉污染。\\\\rGB 5413.30\\\\u0007\\\\u0001\\\\r\\\\u000747\\\\u0007\\\"}],\\\"errCode\\\":0,\\\"errMsg\\\":\\\"sucessor\\\",\\\"schemaName\\\":\\\"csc\\\"}\",\"errorMsg\":\"\"}"]
RETURN : {"errorCode":0,"errorMsg":"Success","data":{}}
耗时（毫秒） : 14
==============================================================================

2020-01-14 14:34:21.562 [Thread-11] INFO  o.s.b.c.e.AnnotationConfigEmbeddedWebApplicationContext - Closing org.springframework.boot.context.embedded.AnnotationConfigEmbeddedWebApplicationContext@1e7aa82b: startup date [Tue Jan 14 14:07:41 CST 2020]; root of context hierarchy
2020-01-14 14:34:21.563 [Thread-11] INFO  o.s.context.support.DefaultLifecycleProcessor - Stopping beans in phase 2147483647
2020-01-14 14:34:21.566 [Thread-11] INFO  o.s.jmx.export.annotation.AnnotationMBeanExporter - Unregistering JMX-exposed beans on shutdown
